#
# There is insufficient memory for the Java Runtime Environment to continue.
# Native memory allocation (malloc) failed to allocate 879840 bytes for Chunk::new
# Possible reasons:
#   The system is out of physical RAM or swap space
#   The process is running with CompressedOops enabled, and the Java Heap may be blocking the growth of the native heap
# Possible solutions:
#   Reduce memory load on the system
#   Increase physical memory or swap space
#   Check if swap backing store is full
#   Decrease Java heap size (-Xmx/-Xms)
#   Decrease number of Java threads
#   Decrease Java thread stack sizes (-Xss)
#   Set larger code cache with -XX:ReservedCodeCacheSize=
#   JVM is running with Unscaled Compressed Oops mode in which the Java heap is
#     placed in the first 4GB address space. The Java Heap base address is the
#     maximum limit for the native heap growth. Please use -XX:HeapBaseMinAddress
#     to set the Java Heap base and to place the Java Heap above 4GB virtual address.
# This output file may be truncated or incomplete.
#
#  Out of Memory Error (arena.cpp:189), pid=14632, tid=14492
#
# JRE version: OpenJDK Runtime Environment Temurin-17.0.6+10 (17.0.6+10) (build 17.0.6+10)
# Java VM: OpenJDK 64-Bit Server VM Temurin-17.0.6+10 (17.0.6+10, mixed mode, tiered, compressed oops, compressed class ptrs, g1 gc, windows-amd64)
# No core dump will be written. Minidumps are not enabled by default on client versions of Windows
#

---------------  S U M M A R Y ------------

Command Line: -Dfile.encoding=UTF-8 --module-path=C:\Users\Matteo\git\repository\BomberMan\bin;C:\Users\Matteo\.p2\pool\plugins\org.eclipse.fx.ide.css.jfx8_3.8.0.202204150904.jar;C:\Users\Matteo\eclipse-workspace\openjfx-20.0.2_windows-x64_bin-sdk\javafx-sdk-20.0.2\lib\javafx.base.jar;C:\Users\Matteo\eclipse-workspace\openjfx-20.0.2_windows-x64_bin-sdk\javafx-sdk-20.0.2\lib\javafx.controls.jar;C:\Users\Matteo\eclipse-workspace\openjfx-20.0.2_windows-x64_bin-sdk\javafx-sdk-20.0.2\lib\javafx.fxml.jar;C:\Users\Matteo\eclipse-workspace\openjfx-20.0.2_windows-x64_bin-sdk\javafx-sdk-20.0.2\lib\javafx.graphics.jar;C:\Users\Matteo\eclipse-workspace\openjfx-20.0.2_windows-x64_bin-sdk\javafx-sdk-20.0.2\lib\javafx.media.jar;C:\Users\Matteo\eclipse-workspace\openjfx-20.0.2_windows-x64_bin-sdk\javafx-sdk-20.0.2\lib\javafx.swing.jar;C:\Users\Matteo\eclipse-workspace\openjfx-20.0.2_windows-x64_bin-sdk\javafx-sdk-20.0.2\lib\javafx.web.jar;C:\Users\Matteo\eclipse-workspace\openjfx-20.0.2_windows-x64_bin-sdk\javafx-sdk-20.0.2\lib\javafx-swt.jar -XX:+ShowCodeDetailsInExceptionMessages -Djdk.module.main=BomberMan BomberMan/controller.Main

Host: AMD Ryzen 5 2500U with Radeon Vega Mobile Gfx  , 8 cores, 6G,  Windows 10 , 64 bit Build 19041 (10.0.19041.2913)
Time: Wed Aug 16 14:45:55 2023 ora legale GMT elapsed time: 245.592751 seconds (0d 0h 4m 5s)

---------------  T H R E A D  ---------------

Current thread (0x00000210da001200):  JavaThread "C2 CompilerThread0" daemon [_thread_in_native, id=14492, stack(0x0000005158100000,0x0000005158200000)]


Current CompileTask:
C2: 245593 3638       4       java.util.regex.Pattern::split (288 bytes)

Stack: [0x0000005158100000,0x0000005158200000]
Native frames: (J=compiled Java code, j=interpreted, Vv=VM code, C=native code)
V  [jvm.dll+0x67741a]
V  [jvm.dll+0x834434]
V  [jvm.dll+0x835bde]
V  [jvm.dll+0x836243]
V  [jvm.dll+0x2457b5]
V  [jvm.dll+0xabafc]
V  [jvm.dll+0xac0cc]
V  [jvm.dll+0x3634e7]
V  [jvm.dll+0x32dda1]
V  [jvm.dll+0x32d24a]
V  [jvm.dll+0x2185f1]
V  [jvm.dll+0x217a11]
V  [jvm.dll+0x1a3d0d]
V  [jvm.dll+0x22742a]
V  [jvm.dll+0x225565]
V  [jvm.dll+0x7ea2cb]
V  [jvm.dll+0x7e483a]
V  [jvm.dll+0x6762c5]
C  [ucrtbase.dll+0x21bb2]
C  [KERNEL32.DLL+0x17614]
C  [ntdll.dll+0x526a1]


---------------  P R O C E S S  ---------------

Threads class SMR info:
_java_thread_list=0x00000210e021d440, length=22, elements={
0x00000210bff5cae0, 0x00000210d95617e0, 0x00000210d9562f80, 0x00000210d954d2b0,
0x00000210d958c000, 0x00000210da000080, 0x00000210da000940, 0x00000210da001200,
0x00000210da051690, 0x00000210da066f20, 0x00000210da0fa930, 0x00000210da555440,
0x00000210da3fe880, 0x00000210da8c6630, 0x00000210da90a2e0, 0x00000210daa85790,
0x00000210daaa9430, 0x00000210e0230110, 0x00000210e0230f80, 0x00000210e0231450,
0x00000210e0231df0, 0x00000210e022f770
}

Java Threads: ( => current thread )
  0x00000210bff5cae0 JavaThread "main" [_thread_blocked, id=9004, stack(0x0000005157400000,0x0000005157500000)]
  0x00000210d95617e0 JavaThread "Reference Handler" daemon [_thread_blocked, id=10088, stack(0x0000005157b00000,0x0000005157c00000)]
  0x00000210d9562f80 JavaThread "Finalizer" daemon [_thread_blocked, id=8692, stack(0x0000005157c00000,0x0000005157d00000)]
  0x00000210d954d2b0 JavaThread "Signal Dispatcher" daemon [_thread_blocked, id=11864, stack(0x0000005157d00000,0x0000005157e00000)]
  0x00000210d958c000 JavaThread "Attach Listener" daemon [_thread_blocked, id=9488, stack(0x0000005157e00000,0x0000005157f00000)]
  0x00000210da000080 JavaThread "Service Thread" daemon [_thread_blocked, id=14696, stack(0x0000005157f00000,0x0000005158000000)]
  0x00000210da000940 JavaThread "Monitor Deflation Thread" daemon [_thread_blocked, id=16800, stack(0x0000005158000000,0x0000005158100000)]
=>0x00000210da001200 JavaThread "C2 CompilerThread0" daemon [_thread_in_native, id=14492, stack(0x0000005158100000,0x0000005158200000)]
  0x00000210da051690 JavaThread "C1 CompilerThread0" daemon [_thread_blocked, id=14972, stack(0x0000005158200000,0x0000005158300000)]
  0x00000210da066f20 JavaThread "Sweeper thread" daemon [_thread_blocked, id=2496, stack(0x0000005158300000,0x0000005158400000)]
  0x00000210da0fa930 JavaThread "Common-Cleaner" daemon [_thread_blocked, id=11928, stack(0x0000005158400000,0x0000005158500000)]
  0x00000210da555440 JavaThread "Notification Thread" daemon [_thread_blocked, id=8736, stack(0x0000005158700000,0x0000005158800000)]
  0x00000210da3fe880 JavaThread "QuantumRenderer-0" daemon [_thread_in_native, id=19176, stack(0x0000005158500000,0x0000005158600000)]
  0x00000210da8c6630 JavaThread "InvokeLaterDispatcher" daemon [_thread_blocked, id=4196, stack(0x0000005158a00000,0x0000005158b00000)]
  0x00000210da90a2e0 JavaThread "JavaFX Application Thread" [_thread_blocked, id=15348, stack(0x0000005158b00000,0x0000005158c00000)]
  0x00000210daa85790 JavaThread "Thread-1" daemon [_thread_in_native, id=16792, stack(0x0000005159200000,0x0000005159300000)]
  0x00000210daaa9430 JavaThread "JavaFX-Launcher" [_thread_blocked, id=16516, stack(0x0000005159400000,0x0000005159500000)]
  0x00000210e0230110 JavaThread "pool-2-thread-1" [_thread_blocked, id=3880, stack(0x0000005159b00000,0x0000005159c00000)]
  0x00000210e0230f80 JavaThread "pool-3-thread-1" [_thread_blocked, id=17872, stack(0x0000005159c00000,0x0000005159d00000)]
  0x00000210e0231450 JavaThread "pool-4-thread-1" [_thread_blocked, id=9668, stack(0x0000005159d00000,0x0000005159e00000)]
  0x00000210e0231df0 JavaThread "pool-5-thread-1" [_thread_blocked, id=19396, stack(0x0000005159e00000,0x0000005159f00000)]
  0x00000210e022f770 JavaThread "pool-6-thread-1" [_thread_blocked, id=17720, stack(0x0000005159f00000,0x000000515a000000)]

Other Threads:
  0x00000210d953e110 VMThread "VM Thread" [stack: 0x0000005157a00000,0x0000005157b00000] [id=18504]
  0x00000210da30e980 WatcherThread [stack: 0x0000005158800000,0x0000005158900000] [id=11200]
  0x00000210bffb0e70 GCTaskThread "GC Thread#0" [stack: 0x0000005157500000,0x0000005157600000] [id=5068]
  0x00000210daadf5f0 GCTaskThread "GC Thread#1" [stack: 0x0000005159300000,0x0000005159400000] [id=12804]
  0x00000210dab3c210 GCTaskThread "GC Thread#2" [stack: 0x0000005159500000,0x0000005159600000] [id=10412]
  0x00000210dabb4a90 GCTaskThread "GC Thread#3" [stack: 0x0000005159600000,0x0000005159700000] [id=6656]
  0x00000210daa9d410 GCTaskThread "GC Thread#4" [stack: 0x0000005159700000,0x0000005159800000] [id=12476]
  0x00000210daa9d6c0 GCTaskThread "GC Thread#5" [stack: 0x0000005159800000,0x0000005159900000] [id=9116]
  0x00000210e0005cd0 GCTaskThread "GC Thread#6" [stack: 0x0000005159a00000,0x0000005159b00000] [id=13924]
  0x00000210e00c0970 GCTaskThread "GC Thread#7" [stack: 0x000000515a000000,0x000000515a100000] [id=16632]
  0x00000210bffbf9c0 ConcurrentGCThread "G1 Main Marker" [stack: 0x0000005157600000,0x0000005157700000] [id=7612]
  0x00000210bffc02e0 ConcurrentGCThread "G1 Conc#0" [stack: 0x0000005157700000,0x0000005157800000] [id=4436]
  0x00000210c0025720 ConcurrentGCThread "G1 Refine#0" [stack: 0x0000005157800000,0x0000005157900000] [id=11680]
  0x00000210c0026050 ConcurrentGCThread "G1 Service" [stack: 0x0000005157900000,0x0000005157a00000] [id=8452]

Threads with active compile tasks:
C2 CompilerThread0   245701 3638       4       java.util.regex.Pattern::split (288 bytes)

VM state: not at safepoint (normal execution)

VM Mutex/Monitor currently owned by a thread: None

Heap address: 0x0000000091800000, size: 1768 MB, Compressed Oops mode: 32-bit

CDS archive(s) not mapped
Compressed class space mapped at: 0x0000000100000000-0x0000000140000000, reserved size: 1073741824
Narrow klass base: 0x0000000000000000, Narrow klass shift: 3, Narrow klass range: 0x140000000

GC Precious Log:
 CPUs: 8 total, 8 available
 Memory: 7068M
 Large Page Support: Disabled
 NUMA Support: Disabled
 Compressed Oops: Enabled (32-bit)
 Heap Region Size: 1M
 Heap Min Capacity: 8M
 Heap Initial Capacity: 112M
 Heap Max Capacity: 1768M
 Pre-touch: Disabled
 Parallel Workers: 8
 Concurrent Workers: 2
 Concurrent Refinement Workers: 8
 Periodic GC: Disabled

Heap:
 garbage-first heap   total 114688K, used 39356K [0x0000000091800000, 0x0000000100000000)
  region size 1024K, 29 young (29696K), 3 survivors (3072K)
 Metaspace       used 18258K, committed 18496K, reserved 1064960K
  class space    used 2040K, committed 2176K, reserved 1048576K

Heap Regions: E=young(eden), S=young(survivor), O=old, HS=humongous(starts), HC=humongous(continues), CS=collection set, F=free, OA=open archive, CA=closed archive, TAMS=top-at-mark-start (previous, next)
|   0|0x0000000091800000, 0x0000000091900000, 0x0000000091900000|100%| O|  |TAMS 0x0000000091800000, 0x0000000091800000| Untracked 
|   1|0x0000000091900000, 0x0000000091a00000, 0x0000000091a00000|100%| O|  |TAMS 0x0000000091900000, 0x0000000091900000| Untracked 
|   2|0x0000000091a00000, 0x0000000091b00000, 0x0000000091b00000|100%| O|  |TAMS 0x0000000091a00000, 0x0000000091a00000| Untracked 
|   3|0x0000000091b00000, 0x0000000091c00000, 0x0000000091c00000|100%| O|  |TAMS 0x0000000091b00000, 0x0000000091b00000| Untracked 
|   4|0x0000000091c00000, 0x0000000091d00000, 0x0000000091d00000|100%| O|  |TAMS 0x0000000091c00000, 0x0000000091c00000| Untracked 
|   5|0x0000000091d00000, 0x0000000091e00000, 0x0000000091e00000|100%| O|  |TAMS 0x0000000091d00000, 0x0000000091d00000| Untracked 
|   6|0x0000000091e00000, 0x0000000091f00000, 0x0000000091f00000|100%| O|  |TAMS 0x0000000091e00000, 0x0000000091e00000| Untracked 
|   7|0x0000000091f00000, 0x0000000092000000, 0x0000000092000000|100%| O|  |TAMS 0x0000000091f00000, 0x0000000091f00000| Untracked 
|   8|0x0000000092000000, 0x0000000092100000, 0x0000000092100000|100%| O|  |TAMS 0x0000000092000000, 0x0000000092000000| Untracked 
|   9|0x0000000092100000, 0x0000000092200000, 0x0000000092200000|100%| O|  |TAMS 0x0000000092100000, 0x0000000092100000| Untracked 
|  10|0x0000000092200000, 0x0000000092300000, 0x0000000092300000|100%| O|  |TAMS 0x0000000092200000, 0x0000000092200000| Untracked 
|  11|0x0000000092300000, 0x0000000092309800, 0x0000000092400000|  3%| O|  |TAMS 0x0000000092300000, 0x0000000092300000| Untracked 
|  12|0x0000000092400000, 0x0000000092400000, 0x0000000092500000|  0%| F|  |TAMS 0x0000000092400000, 0x0000000092400000| Untracked 
|  13|0x0000000092500000, 0x0000000092500000, 0x0000000092600000|  0%| F|  |TAMS 0x0000000092500000, 0x0000000092500000| Untracked 
|  14|0x0000000092600000, 0x0000000092600000, 0x0000000092700000|  0%| F|  |TAMS 0x0000000092600000, 0x0000000092600000| Untracked 
|  15|0x0000000092700000, 0x0000000092700000, 0x0000000092800000|  0%| F|  |TAMS 0x0000000092700000, 0x0000000092700000| Untracked 
|  16|0x0000000092800000, 0x0000000092800000, 0x0000000092900000|  0%| F|  |TAMS 0x0000000092800000, 0x0000000092800000| Untracked 
|  17|0x0000000092900000, 0x0000000092900000, 0x0000000092a00000|  0%| F|  |TAMS 0x0000000092900000, 0x0000000092900000| Untracked 
|  18|0x0000000092a00000, 0x0000000092a00000, 0x0000000092b00000|  0%| F|  |TAMS 0x0000000092a00000, 0x0000000092a00000| Untracked 
|  19|0x0000000092b00000, 0x0000000092b00000, 0x0000000092c00000|  0%| F|  |TAMS 0x0000000092b00000, 0x0000000092b00000| Untracked 
|  20|0x0000000092c00000, 0x0000000092c00000, 0x0000000092d00000|  0%| F|  |TAMS 0x0000000092c00000, 0x0000000092c00000| Untracked 
|  21|0x0000000092d00000, 0x0000000092d00000, 0x0000000092e00000|  0%| F|  |TAMS 0x0000000092d00000, 0x0000000092d00000| Untracked 
|  22|0x0000000092e00000, 0x0000000092e00000, 0x0000000092f00000|  0%| F|  |TAMS 0x0000000092e00000, 0x0000000092e00000| Untracked 
|  23|0x0000000092f00000, 0x0000000092f00000, 0x0000000093000000|  0%| F|  |TAMS 0x0000000092f00000, 0x0000000092f00000| Untracked 
|  24|0x0000000093000000, 0x0000000093000000, 0x0000000093100000|  0%| F|  |TAMS 0x0000000093000000, 0x0000000093000000| Untracked 
|  25|0x0000000093100000, 0x0000000093100000, 0x0000000093200000|  0%| F|  |TAMS 0x0000000093100000, 0x0000000093100000| Untracked 
|  26|0x0000000093200000, 0x0000000093200000, 0x0000000093300000|  0%| F|  |TAMS 0x0000000093200000, 0x0000000093200000| Untracked 
|  27|0x0000000093300000, 0x0000000093300000, 0x0000000093400000|  0%| F|  |TAMS 0x0000000093300000, 0x0000000093300000| Untracked 
|  28|0x0000000093400000, 0x0000000093400000, 0x0000000093500000|  0%| F|  |TAMS 0x0000000093400000, 0x0000000093400000| Untracked 
|  29|0x0000000093500000, 0x0000000093500000, 0x0000000093600000|  0%| F|  |TAMS 0x0000000093500000, 0x0000000093500000| Untracked 
|  30|0x0000000093600000, 0x0000000093600000, 0x0000000093700000|  0%| F|  |TAMS 0x0000000093600000, 0x0000000093600000| Untracked 
|  31|0x0000000093700000, 0x0000000093700000, 0x0000000093800000|  0%| F|  |TAMS 0x0000000093700000, 0x0000000093700000| Untracked 
|  32|0x0000000093800000, 0x0000000093800000, 0x0000000093900000|  0%| F|  |TAMS 0x0000000093800000, 0x0000000093800000| Untracked 
|  33|0x0000000093900000, 0x0000000093900000, 0x0000000093a00000|  0%| F|  |TAMS 0x0000000093900000, 0x0000000093900000| Untracked 
|  34|0x0000000093a00000, 0x0000000093a00000, 0x0000000093b00000|  0%| F|  |TAMS 0x0000000093a00000, 0x0000000093a00000| Untracked 
|  35|0x0000000093b00000, 0x0000000093b00000, 0x0000000093c00000|  0%| F|  |TAMS 0x0000000093b00000, 0x0000000093b00000| Untracked 
|  36|0x0000000093c00000, 0x0000000093c00000, 0x0000000093d00000|  0%| F|  |TAMS 0x0000000093c00000, 0x0000000093c00000| Untracked 
|  37|0x0000000093d00000, 0x0000000093d00000, 0x0000000093e00000|  0%| F|  |TAMS 0x0000000093d00000, 0x0000000093d00000| Untracked 
|  38|0x0000000093e00000, 0x0000000093e00000, 0x0000000093f00000|  0%| F|  |TAMS 0x0000000093e00000, 0x0000000093e00000| Untracked 
|  39|0x0000000093f00000, 0x0000000093f00000, 0x0000000094000000|  0%| F|  |TAMS 0x0000000093f00000, 0x0000000093f00000| Untracked 
|  40|0x0000000094000000, 0x0000000094000000, 0x0000000094100000|  0%| F|  |TAMS 0x0000000094000000, 0x0000000094000000| Untracked 
|  41|0x0000000094100000, 0x0000000094100000, 0x0000000094200000|  0%| F|  |TAMS 0x0000000094100000, 0x0000000094100000| Untracked 
|  42|0x0000000094200000, 0x0000000094200000, 0x0000000094300000|  0%| F|  |TAMS 0x0000000094200000, 0x0000000094200000| Untracked 
|  43|0x0000000094300000, 0x0000000094300000, 0x0000000094400000|  0%| F|  |TAMS 0x0000000094300000, 0x0000000094300000| Untracked 
|  44|0x0000000094400000, 0x0000000094400000, 0x0000000094500000|  0%| F|  |TAMS 0x0000000094400000, 0x0000000094400000| Untracked 
|  45|0x0000000094500000, 0x0000000094565a70, 0x0000000094600000| 39%| S|CS|TAMS 0x0000000094500000, 0x0000000094500000| Complete 
|  46|0x0000000094600000, 0x0000000094700000, 0x0000000094700000|100%| S|CS|TAMS 0x0000000094600000, 0x0000000094600000| Complete 
|  47|0x0000000094700000, 0x0000000094800000, 0x0000000094800000|100%| S|CS|TAMS 0x0000000094700000, 0x0000000094700000| Complete 
|  48|0x0000000094800000, 0x0000000094800000, 0x0000000094900000|  0%| F|  |TAMS 0x0000000094800000, 0x0000000094800000| Untracked 
|  49|0x0000000094900000, 0x0000000094900000, 0x0000000094a00000|  0%| F|  |TAMS 0x0000000094900000, 0x0000000094900000| Untracked 
|  50|0x0000000094a00000, 0x0000000094a00000, 0x0000000094b00000|  0%| F|  |TAMS 0x0000000094a00000, 0x0000000094a00000| Untracked 
|  51|0x0000000094b00000, 0x0000000094b00000, 0x0000000094c00000|  0%| F|  |TAMS 0x0000000094b00000, 0x0000000094b00000| Untracked 
|  52|0x0000000094c00000, 0x0000000094c00000, 0x0000000094d00000|  0%| F|  |TAMS 0x0000000094c00000, 0x0000000094c00000| Untracked 
|  53|0x0000000094d00000, 0x0000000094d00000, 0x0000000094e00000|  0%| F|  |TAMS 0x0000000094d00000, 0x0000000094d00000| Untracked 
|  54|0x0000000094e00000, 0x0000000094e00000, 0x0000000094f00000|  0%| F|  |TAMS 0x0000000094e00000, 0x0000000094e00000| Untracked 
|  55|0x0000000094f00000, 0x0000000094f00000, 0x0000000095000000|  0%| F|  |TAMS 0x0000000094f00000, 0x0000000094f00000| Untracked 
|  56|0x0000000095000000, 0x0000000095000000, 0x0000000095100000|  0%| F|  |TAMS 0x0000000095000000, 0x0000000095000000| Untracked 
|  57|0x0000000095100000, 0x0000000095100000, 0x0000000095200000|  0%| F|  |TAMS 0x0000000095100000, 0x0000000095100000| Untracked 
|  58|0x0000000095200000, 0x0000000095200000, 0x0000000095300000|  0%| F|  |TAMS 0x0000000095200000, 0x0000000095200000| Untracked 
|  59|0x0000000095300000, 0x0000000095300000, 0x0000000095400000|  0%| F|  |TAMS 0x0000000095300000, 0x0000000095300000| Untracked 
|  60|0x0000000095400000, 0x0000000095400000, 0x0000000095500000|  0%| F|  |TAMS 0x0000000095400000, 0x0000000095400000| Untracked 
|  61|0x0000000095500000, 0x0000000095500000, 0x0000000095600000|  0%| F|  |TAMS 0x0000000095500000, 0x0000000095500000| Untracked 
|  62|0x0000000095600000, 0x0000000095600000, 0x0000000095700000|  0%| F|  |TAMS 0x0000000095600000, 0x0000000095600000| Untracked 
|  63|0x0000000095700000, 0x0000000095700000, 0x0000000095800000|  0%| F|  |TAMS 0x0000000095700000, 0x0000000095700000| Untracked 
|  64|0x0000000095800000, 0x0000000095800000, 0x0000000095900000|  0%| F|  |TAMS 0x0000000095800000, 0x0000000095800000| Untracked 
|  65|0x0000000095900000, 0x0000000095900000, 0x0000000095a00000|  0%| F|  |TAMS 0x0000000095900000, 0x0000000095900000| Untracked 
|  66|0x0000000095a00000, 0x0000000095a00000, 0x0000000095b00000|  0%| F|  |TAMS 0x0000000095a00000, 0x0000000095a00000| Untracked 
|  67|0x0000000095b00000, 0x0000000095b00000, 0x0000000095c00000|  0%| F|  |TAMS 0x0000000095b00000, 0x0000000095b00000| Untracked 
|  68|0x0000000095c00000, 0x0000000095c00000, 0x0000000095d00000|  0%| F|  |TAMS 0x0000000095c00000, 0x0000000095c00000| Untracked 
|  69|0x0000000095d00000, 0x0000000095d00000, 0x0000000095e00000|  0%| F|  |TAMS 0x0000000095d00000, 0x0000000095d00000| Untracked 
|  70|0x0000000095e00000, 0x0000000095e00000, 0x0000000095f00000|  0%| F|  |TAMS 0x0000000095e00000, 0x0000000095e00000| Untracked 
|  71|0x0000000095f00000, 0x0000000095f00000, 0x0000000096000000|  0%| F|  |TAMS 0x0000000095f00000, 0x0000000095f00000| Untracked 
|  72|0x0000000096000000, 0x0000000096000000, 0x0000000096100000|  0%| F|  |TAMS 0x0000000096000000, 0x0000000096000000| Untracked 
|  73|0x0000000096100000, 0x0000000096100000, 0x0000000096200000|  0%| F|  |TAMS 0x0000000096100000, 0x0000000096100000| Untracked 
|  74|0x0000000096200000, 0x0000000096200000, 0x0000000096300000|  0%| F|  |TAMS 0x0000000096200000, 0x0000000096200000| Untracked 
|  75|0x0000000096300000, 0x0000000096300000, 0x0000000096400000|  0%| F|  |TAMS 0x0000000096300000, 0x0000000096300000| Untracked 
|  76|0x0000000096400000, 0x0000000096400000, 0x0000000096500000|  0%| F|  |TAMS 0x0000000096400000, 0x0000000096400000| Untracked 
|  77|0x0000000096500000, 0x0000000096500000, 0x0000000096600000|  0%| F|  |TAMS 0x0000000096500000, 0x0000000096500000| Untracked 
|  78|0x0000000096600000, 0x0000000096600000, 0x0000000096700000|  0%| F|  |TAMS 0x0000000096600000, 0x0000000096600000| Untracked 
|  79|0x0000000096700000, 0x0000000096700000, 0x0000000096800000|  0%| F|  |TAMS 0x0000000096700000, 0x0000000096700000| Untracked 
|  80|0x0000000096800000, 0x0000000096800000, 0x0000000096900000|  0%| F|  |TAMS 0x0000000096800000, 0x0000000096800000| Untracked 
|  81|0x0000000096900000, 0x0000000096900000, 0x0000000096a00000|  0%| F|  |TAMS 0x0000000096900000, 0x0000000096900000| Untracked 
|  82|0x0000000096a00000, 0x0000000096a00000, 0x0000000096b00000|  0%| F|  |TAMS 0x0000000096a00000, 0x0000000096a00000| Untracked 
|  83|0x0000000096b00000, 0x0000000096b00000, 0x0000000096c00000|  0%| F|  |TAMS 0x0000000096b00000, 0x0000000096b00000| Untracked 
|  84|0x0000000096c00000, 0x0000000096c00000, 0x0000000096d00000|  0%| F|  |TAMS 0x0000000096c00000, 0x0000000096c00000| Untracked 
|  85|0x0000000096d00000, 0x0000000096d00000, 0x0000000096e00000|  0%| F|  |TAMS 0x0000000096d00000, 0x0000000096d00000| Untracked 
|  86|0x0000000096e00000, 0x0000000096e8c870, 0x0000000096f00000| 54%| E|  |TAMS 0x0000000096e00000, 0x0000000096e00000| Complete 
|  87|0x0000000096f00000, 0x0000000097000000, 0x0000000097000000|100%| E|CS|TAMS 0x0000000096f00000, 0x0000000096f00000| Complete 
|  88|0x0000000097000000, 0x0000000097100000, 0x0000000097100000|100%| E|CS|TAMS 0x0000000097000000, 0x0000000097000000| Complete 
|  89|0x0000000097100000, 0x0000000097200000, 0x0000000097200000|100%| E|CS|TAMS 0x0000000097100000, 0x0000000097100000| Complete 
|  90|0x0000000097200000, 0x0000000097300000, 0x0000000097300000|100%| E|CS|TAMS 0x0000000097200000, 0x0000000097200000| Complete 
|  91|0x0000000097300000, 0x0000000097400000, 0x0000000097400000|100%| E|CS|TAMS 0x0000000097300000, 0x0000000097300000| Complete 
|  92|0x0000000097400000, 0x0000000097500000, 0x0000000097500000|100%| E|CS|TAMS 0x0000000097400000, 0x0000000097400000| Complete 
|  93|0x0000000097500000, 0x0000000097600000, 0x0000000097600000|100%| E|CS|TAMS 0x0000000097500000, 0x0000000097500000| Complete 
|  94|0x0000000097600000, 0x0000000097700000, 0x0000000097700000|100%| E|CS|TAMS 0x0000000097600000, 0x0000000097600000| Complete 
|  95|0x0000000097700000, 0x0000000097800000, 0x0000000097800000|100%| E|CS|TAMS 0x0000000097700000, 0x0000000097700000| Complete 
|  96|0x0000000097800000, 0x0000000097900000, 0x0000000097900000|100%| E|CS|TAMS 0x0000000097800000, 0x0000000097800000| Complete 
|  97|0x0000000097900000, 0x0000000097a00000, 0x0000000097a00000|100%| E|CS|TAMS 0x0000000097900000, 0x0000000097900000| Complete 
|  98|0x0000000097a00000, 0x0000000097b00000, 0x0000000097b00000|100%| E|CS|TAMS 0x0000000097a00000, 0x0000000097a00000| Complete 
|  99|0x0000000097b00000, 0x0000000097c00000, 0x0000000097c00000|100%| E|CS|TAMS 0x0000000097b00000, 0x0000000097b00000| Complete 
| 100|0x0000000097c00000, 0x0000000097d00000, 0x0000000097d00000|100%| E|CS|TAMS 0x0000000097c00000, 0x0000000097c00000| Complete 
| 101|0x0000000097d00000, 0x0000000097e00000, 0x0000000097e00000|100%| E|CS|TAMS 0x0000000097d00000, 0x0000000097d00000| Complete 
| 102|0x0000000097e00000, 0x0000000097f00000, 0x0000000097f00000|100%| E|CS|TAMS 0x0000000097e00000, 0x0000000097e00000| Complete 
| 103|0x0000000097f00000, 0x0000000098000000, 0x0000000098000000|100%| E|CS|TAMS 0x0000000097f00000, 0x0000000097f00000| Complete 
| 104|0x0000000098000000, 0x0000000098100000, 0x0000000098100000|100%| E|CS|TAMS 0x0000000098000000, 0x0000000098000000| Complete 
| 105|0x0000000098100000, 0x0000000098200000, 0x0000000098200000|100%| E|CS|TAMS 0x0000000098100000, 0x0000000098100000| Complete 
| 106|0x0000000098200000, 0x0000000098300000, 0x0000000098300000|100%| E|CS|TAMS 0x0000000098200000, 0x0000000098200000| Complete 
| 107|0x0000000098300000, 0x0000000098400000, 0x0000000098400000|100%| E|CS|TAMS 0x0000000098300000, 0x0000000098300000| Complete 
| 108|0x0000000098400000, 0x0000000098500000, 0x0000000098500000|100%| E|CS|TAMS 0x0000000098400000, 0x0000000098400000| Complete 
| 109|0x0000000098500000, 0x0000000098600000, 0x0000000098600000|100%| E|CS|TAMS 0x0000000098500000, 0x0000000098500000| Complete 
| 110|0x0000000098600000, 0x0000000098700000, 0x0000000098700000|100%| E|CS|TAMS 0x0000000098600000, 0x0000000098600000| Complete 
| 111|0x0000000098700000, 0x0000000098800000, 0x0000000098800000|100%| E|CS|TAMS 0x0000000098700000, 0x0000000098700000| Complete 

Card table byte_map: [0x00000210d2cd0000,0x00000210d3050000] _byte_map_base: 0x00000210d2844000

Marking Bits (Prev, Next): (CMBitMap*) 0x00000210bffb1390, (CMBitMap*) 0x00000210bffb13d0
 Prev Bits: [0x00000210d33d0000, 0x00000210d4f70000)
 Next Bits: [0x00000210d4f70000, 0x00000210d6b10000)

Polling page: 0x00000210bdf50000

Metaspace:

Usage:
  Non-class:     15.84 MB used.
      Class:      1.99 MB used.
       Both:     17.83 MB used.

Virtual space:
  Non-class space:       16.00 MB reserved,      15.94 MB (>99%) committed,  2 nodes.
      Class space:        1.00 GB reserved,       2.12 MB ( <1%) committed,  1 nodes.
             Both:        1.02 GB reserved,      18.06 MB (  2%) committed. 

Chunk freelists:
   Non-Class:  80.00 KB
       Class:  1.92 MB
        Both:  1.99 MB

MaxMetaspaceSize: unlimited
CompressedClassSpaceSize: 1.00 GB
Initial GC threshold: 21.00 MB
Current GC threshold: 21.00 MB
CDS: off
MetaspaceReclaimPolicy: balanced
 - commit_granule_bytes: 65536.
 - commit_granule_words: 8192.
 - virtual_space_node_default_size: 1048576.
 - enlarge_chunks_in_place: 1.
 - new_chunks_are_fully_committed: 0.
 - uncommit_free_chunks: 1.
 - use_allocation_guard: 0.
 - handle_deallocations: 1.


Internal statistics:

num_allocs_failed_limit: 0.
num_arena_births: 134.
num_arena_deaths: 0.
num_vsnodes_births: 3.
num_vsnodes_deaths: 0.
num_space_committed: 289.
num_space_uncommitted: 0.
num_chunks_returned_to_freelist: 0.
num_chunks_taken_from_freelist: 491.
num_chunk_merges: 0.
num_chunk_splits: 334.
num_chunks_enlarged: 277.
num_purges: 0.
num_inconsistent_stats: 0.

CodeHeap 'non-profiled nmethods': size=120000Kb used=2349Kb max_used=2349Kb free=117650Kb
 bounds [0x00000210cb0f0000, 0x00000210cb360000, 0x00000210d2620000]
CodeHeap 'profiled nmethods': size=120000Kb used=6445Kb max_used=6445Kb free=113554Kb
 bounds [0x00000210c3620000, 0x00000210c3c70000, 0x00000210cab50000]
CodeHeap 'non-nmethods': size=5760Kb used=1380Kb max_used=1415Kb free=4380Kb
 bounds [0x00000210cab50000, 0x00000210cadc0000, 0x00000210cb0f0000]
 total_blobs=4360 nmethods=3634 adapters=637
 compilation: enabled
              stopped_count=0, restarted_count=0
 full_count=0

Compilation events (20 events):
Event: 188.946 Thread 0x00000210da001200 nmethod 3628 0x00000210cb32be90 code [0x00000210cb32c060, 0x00000210cb32c458]
Event: 197.784 Thread 0x00000210da001200 3629  s    4       com.sun.javafx.tk.quantum.PrimaryTimer::getInstance (61 bytes)
Event: 197.798 Thread 0x00000210da001200 nmethod 3629 0x00000210cb32c990 code [0x00000210cb32cb60, 0x00000210cb32d3c8]
Event: 200.032 Thread 0x00000210da001200 3630       4       java.util.regex.Pattern$Node::study (21 bytes)
Event: 200.037 Thread 0x00000210da001200 nmethod 3630 0x00000210cb32d810 code [0x00000210cb32d9a0, 0x00000210cb32daa8]
Event: 203.800 Thread 0x00000210da001200 3631       4       javafx.animation.Animation::statusProperty (30 bytes)
Event: 203.805 Thread 0x00000210da001200 nmethod 3631 0x00000210cb32dc10 code [0x00000210cb32dda0, 0x00000210cb32df58]
Event: 204.514 Thread 0x00000210da001200 3632       4       java.util.concurrent.ScheduledThreadPoolExecutor$ScheduledFutureTask::getDelay (16 bytes)
Event: 204.517 Thread 0x00000210da001200 nmethod 3632 0x00000210cb32e010 code [0x00000210cb32e1a0, 0x00000210cb32e2d8]
Event: 207.888 Thread 0x00000210da001200 3633       4       java.util.concurrent.locks.LockSupport::parkNanos (29 bytes)
Event: 207.893 Thread 0x00000210da001200 nmethod 3633 0x00000210cb32e410 code [0x00000210cb32e5a0, 0x00000210cb32e788]
Event: 233.047 Thread 0x00000210da001200 3634       4       java.util.concurrent.atomic.AtomicLong::compareAndSet (13 bytes)
Event: 233.048 Thread 0x00000210da001200 nmethod 3634 0x00000210cb32e890 code [0x00000210cb32ea00, 0x00000210cb32ea98]
Event: 239.047 Thread 0x00000210da001200 3635       4       com.sun.scenario.animation.shared.GeneralClipInterpolator::validate (609 bytes)
Event: 239.145 Thread 0x00000210da001200 nmethod 3635 0x00000210cb32eb90 code [0x00000210cb32ed60, 0x00000210cb32f5d8]
Event: 241.281 Thread 0x00000210da001200 3636       4       view.Character::move (286 bytes)
Event: 241.298 Thread 0x00000210da051690 3637       3       javafx.scene.Scene::isDirtyEmpty (8 bytes)
Event: 241.299 Thread 0x00000210da051690 nmethod 3637 0x00000210c3c6b110 code [0x00000210c3c6b2a0, 0x00000210c3c6b478]
Event: 241.946 Thread 0x00000210da001200 nmethod 3636 0x00000210cb330090 code [0x00000210cb330760, 0x00000210cb337d18]
Event: 245.412 Thread 0x00000210da001200 3638       4       java.util.regex.Pattern::split (288 bytes)

GC Heap History (20 events):
Event: 83.035 GC heap before
{Heap before GC invocations=6 (full 0):
 garbage-first heap   total 114688K, used 79006K [0x0000000091800000, 0x0000000100000000)
  region size 1024K, 67 young (68608K), 3 survivors (3072K)
 Metaspace       used 18252K, committed 18496K, reserved 1064960K
  class space    used 2039K, committed 2176K, reserved 1048576K
}
Event: 83.038 GC heap after
{Heap after GC invocations=7 (full 0):
 garbage-first heap   total 114688K, used 13556K [0x0000000091800000, 0x0000000100000000)
  region size 1024K, 3 young (3072K), 3 survivors (3072K)
 Metaspace       used 18252K, committed 18496K, reserved 1064960K
  class space    used 2039K, committed 2176K, reserved 1048576K
}
Event: 100.285 GC heap before
{Heap before GC invocations=7 (full 0):
 garbage-first heap   total 114688K, used 79092K [0x0000000091800000, 0x0000000100000000)
  region size 1024K, 67 young (68608K), 3 survivors (3072K)
 Metaspace       used 18258K, committed 18496K, reserved 1064960K
  class space    used 2040K, committed 2176K, reserved 1048576K
}
Event: 100.288 GC heap after
{Heap after GC invocations=8 (full 0):
 garbage-first heap   total 114688K, used 13834K [0x0000000091800000, 0x0000000100000000)
  region size 1024K, 3 young (3072K), 3 survivors (3072K)
 Metaspace       used 18258K, committed 18496K, reserved 1064960K
  class space    used 2040K, committed 2176K, reserved 1048576K
}
Event: 117.929 GC heap before
{Heap before GC invocations=8 (full 0):
 garbage-first heap   total 114688K, used 79370K [0x0000000091800000, 0x0000000100000000)
  region size 1024K, 67 young (68608K), 3 survivors (3072K)
 Metaspace       used 18258K, committed 18496K, reserved 1064960K
  class space    used 2040K, committed 2176K, reserved 1048576K
}
Event: 117.932 GC heap after
{Heap after GC invocations=9 (full 0):
 garbage-first heap   total 114688K, used 13610K [0x0000000091800000, 0x0000000100000000)
  region size 1024K, 3 young (3072K), 3 survivors (3072K)
 Metaspace       used 18258K, committed 18496K, reserved 1064960K
  class space    used 2040K, committed 2176K, reserved 1048576K
}
Event: 135.549 GC heap before
{Heap before GC invocations=9 (full 0):
 garbage-first heap   total 114688K, used 79146K [0x0000000091800000, 0x0000000100000000)
  region size 1024K, 67 young (68608K), 3 survivors (3072K)
 Metaspace       used 18258K, committed 18496K, reserved 1064960K
  class space    used 2040K, committed 2176K, reserved 1048576K
}
Event: 135.553 GC heap after
{Heap after GC invocations=10 (full 0):
 garbage-first heap   total 114688K, used 13798K [0x0000000091800000, 0x0000000100000000)
  region size 1024K, 3 young (3072K), 3 survivors (3072K)
 Metaspace       used 18258K, committed 18496K, reserved 1064960K
  class space    used 2040K, committed 2176K, reserved 1048576K
}
Event: 152.421 GC heap before
{Heap before GC invocations=10 (full 0):
 garbage-first heap   total 114688K, used 79334K [0x0000000091800000, 0x0000000100000000)
  region size 1024K, 67 young (68608K), 3 survivors (3072K)
 Metaspace       used 18258K, committed 18496K, reserved 1064960K
  class space    used 2040K, committed 2176K, reserved 1048576K
}
Event: 152.424 GC heap after
{Heap after GC invocations=11 (full 0):
 garbage-first heap   total 114688K, used 13694K [0x0000000091800000, 0x0000000100000000)
  region size 1024K, 3 young (3072K), 3 survivors (3072K)
 Metaspace       used 18258K, committed 18496K, reserved 1064960K
  class space    used 2040K, committed 2176K, reserved 1048576K
}
Event: 169.435 GC heap before
{Heap before GC invocations=11 (full 0):
 garbage-first heap   total 114688K, used 79230K [0x0000000091800000, 0x0000000100000000)
  region size 1024K, 67 young (68608K), 3 survivors (3072K)
 Metaspace       used 18258K, committed 18496K, reserved 1064960K
  class space    used 2040K, committed 2176K, reserved 1048576K
}
Event: 169.439 GC heap after
{Heap after GC invocations=12 (full 0):
 garbage-first heap   total 114688K, used 13112K [0x0000000091800000, 0x0000000100000000)
  region size 1024K, 2 young (2048K), 2 survivors (2048K)
 Metaspace       used 18258K, committed 18496K, reserved 1064960K
  class space    used 2040K, committed 2176K, reserved 1048576K
}
Event: 186.552 GC heap before
{Heap before GC invocations=12 (full 0):
 garbage-first heap   total 114688K, used 79672K [0x0000000091800000, 0x0000000100000000)
  region size 1024K, 67 young (68608K), 2 survivors (2048K)
 Metaspace       used 18258K, committed 18496K, reserved 1064960K
  class space    used 2040K, committed 2176K, reserved 1048576K
}
Event: 186.556 GC heap after
{Heap after GC invocations=13 (full 0):
 garbage-first heap   total 114688K, used 13385K [0x0000000091800000, 0x0000000100000000)
  region size 1024K, 3 young (3072K), 3 survivors (3072K)
 Metaspace       used 18258K, committed 18496K, reserved 1064960K
  class space    used 2040K, committed 2176K, reserved 1048576K
}
Event: 203.684 GC heap before
{Heap before GC invocations=13 (full 0):
 garbage-first heap   total 114688K, used 78921K [0x0000000091800000, 0x0000000100000000)
  region size 1024K, 67 young (68608K), 3 survivors (3072K)
 Metaspace       used 18258K, committed 18496K, reserved 1064960K
  class space    used 2040K, committed 2176K, reserved 1048576K
}
Event: 203.687 GC heap after
{Heap after GC invocations=14 (full 0):
 garbage-first heap   total 114688K, used 13144K [0x0000000091800000, 0x0000000100000000)
  region size 1024K, 2 young (2048K), 2 survivors (2048K)
 Metaspace       used 18258K, committed 18496K, reserved 1064960K
  class space    used 2040K, committed 2176K, reserved 1048576K
}
Event: 221.034 GC heap before
{Heap before GC invocations=14 (full 0):
 garbage-first heap   total 114688K, used 79704K [0x0000000091800000, 0x0000000100000000)
  region size 1024K, 67 young (68608K), 2 survivors (2048K)
 Metaspace       used 18258K, committed 18496K, reserved 1064960K
  class space    used 2040K, committed 2176K, reserved 1048576K
}
Event: 221.037 GC heap after
{Heap after GC invocations=15 (full 0):
 garbage-first heap   total 114688K, used 13534K [0x0000000091800000, 0x0000000100000000)
  region size 1024K, 3 young (3072K), 3 survivors (3072K)
 Metaspace       used 18258K, committed 18496K, reserved 1064960K
  class space    used 2040K, committed 2176K, reserved 1048576K
}
Event: 238.659 GC heap before
{Heap before GC invocations=15 (full 0):
 garbage-first heap   total 114688K, used 79070K [0x0000000091800000, 0x0000000100000000)
  region size 1024K, 67 young (68608K), 3 survivors (3072K)
 Metaspace       used 18258K, committed 18496K, reserved 1064960K
  class space    used 2040K, committed 2176K, reserved 1048576K
}
Event: 238.662 GC heap after
{Heap after GC invocations=16 (full 0):
 garbage-first heap   total 114688K, used 13756K [0x0000000091800000, 0x0000000100000000)
  region size 1024K, 3 young (3072K), 3 survivors (3072K)
 Metaspace       used 18258K, committed 18496K, reserved 1064960K
  class space    used 2040K, committed 2176K, reserved 1048576K
}

Dll operation events (20 events):
Event: 1.625 Loaded shared library C:\Users\Matteo\eclipse-workspace\openjfx-20.0.2_windows-x64_bin-sdk\javafx-sdk-20.0.2\bin\api-ms-win-crt-locale-l1-1-0.dll
Event: 1.631 Loaded shared library C:\Users\Matteo\eclipse-workspace\openjfx-20.0.2_windows-x64_bin-sdk\javafx-sdk-20.0.2\bin\api-ms-win-crt-math-l1-1-0.dll
Event: 1.636 Loaded shared library C:\Users\Matteo\eclipse-workspace\openjfx-20.0.2_windows-x64_bin-sdk\javafx-sdk-20.0.2\bin\api-ms-win-crt-multibyte-l1-1-0.dll
Event: 1.641 Loaded shared library C:\Users\Matteo\eclipse-workspace\openjfx-20.0.2_windows-x64_bin-sdk\javafx-sdk-20.0.2\bin\api-ms-win-crt-private-l1-1-0.dll
Event: 1.646 Loaded shared library C:\Users\Matteo\eclipse-workspace\openjfx-20.0.2_windows-x64_bin-sdk\javafx-sdk-20.0.2\bin\api-ms-win-crt-process-l1-1-0.dll
Event: 1.651 Loaded shared library C:\Users\Matteo\eclipse-workspace\openjfx-20.0.2_windows-x64_bin-sdk\javafx-sdk-20.0.2\bin\api-ms-win-crt-runtime-l1-1-0.dll
Event: 1.656 Loaded shared library C:\Users\Matteo\eclipse-workspace\openjfx-20.0.2_windows-x64_bin-sdk\javafx-sdk-20.0.2\bin\api-ms-win-crt-stdio-l1-1-0.dll
Event: 1.661 Loaded shared library C:\Users\Matteo\eclipse-workspace\openjfx-20.0.2_windows-x64_bin-sdk\javafx-sdk-20.0.2\bin\api-ms-win-crt-string-l1-1-0.dll
Event: 1.666 Loaded shared library C:\Users\Matteo\eclipse-workspace\openjfx-20.0.2_windows-x64_bin-sdk\javafx-sdk-20.0.2\bin\api-ms-win-crt-time-l1-1-0.dll
Event: 1.671 Loaded shared library C:\Users\Matteo\eclipse-workspace\openjfx-20.0.2_windows-x64_bin-sdk\javafx-sdk-20.0.2\bin\api-ms-win-crt-utility-l1-1-0.dll
Event: 1.675 Loaded shared library C:\Users\Matteo\eclipse-workspace\openjfx-20.0.2_windows-x64_bin-sdk\javafx-sdk-20.0.2\bin\ucrtbase.dll
Event: 1.681 Loaded shared library C:\Users\Matteo\eclipse-workspace\openjfx-20.0.2_windows-x64_bin-sdk\javafx-sdk-20.0.2\bin\vcruntime140.dll
Event: 1.687 Loaded shared library C:\Users\Matteo\eclipse-workspace\openjfx-20.0.2_windows-x64_bin-sdk\javafx-sdk-20.0.2\bin\vcruntime140_1.dll
Event: 1.694 Loaded shared library C:\Users\Matteo\eclipse-workspace\openjfx-20.0.2_windows-x64_bin-sdk\javafx-sdk-20.0.2\bin\msvcp140.dll
Event: 1.698 Loaded shared library C:\Users\Matteo\eclipse-workspace\openjfx-20.0.2_windows-x64_bin-sdk\javafx-sdk-20.0.2\bin\msvcp140_1.dll
Event: 1.703 Loaded shared library C:\Users\Matteo\eclipse-workspace\openjfx-20.0.2_windows-x64_bin-sdk\javafx-sdk-20.0.2\bin\msvcp140_2.dll
Event: 2.056 Loaded shared library C:\Users\Matteo\eclipse-workspace\openjfx-20.0.2_windows-x64_bin-sdk\javafx-sdk-20.0.2\bin\prism_d3d.dll
Event: 2.168 Loaded shared library C:\Users\Matteo\eclipse-workspace\openjfx-20.0.2_windows-x64_bin-sdk\javafx-sdk-20.0.2\bin\glass.dll
Event: 2.688 Loaded shared library C:\Users\Matteo\.p2\pool\plugins\org.eclipse.justj.openjdk.hotspot.jre.full.win32.x86_64_17.0.6.v20230204-1729\jre\bin\jimage.dll
Event: 3.753 Loaded shared library C:\Users\Matteo\eclipse-workspace\openjfx-20.0.2_windows-x64_bin-sdk\javafx-sdk-20.0.2\bin\javafx_font.dll

Deoptimization events (20 events):
Event: 60.140 Thread 0x00000210da90a2e0 Uncommon trap: trap_request=0xffffffd6 fr.pc=0x00000210cb2a1004 relative=0x00000000000003a4
Event: 60.140 Thread 0x00000210da90a2e0 Uncommon trap: reason=array_check action=maybe_recompile pc=0x00000210cb2a1004 method=java.util.AbstractCollection.toArray([Ljava/lang/Object;)[Ljava/lang/Object; @ 116 c2
Event: 60.140 Thread 0x00000210da90a2e0 DEOPT PACKING pc=0x00000210cb2a1004 sp=0x0000005158bfe360
Event: 60.140 Thread 0x00000210da90a2e0 DEOPT UNPACKING pc=0x00000210caba69a3 sp=0x0000005158bfe320 mode 2
Event: 60.141 Thread 0x00000210da90a2e0 Uncommon trap: trap_request=0xffffffd6 fr.pc=0x00000210cb2a1004 relative=0x00000000000003a4
Event: 60.141 Thread 0x00000210da90a2e0 Uncommon trap: reason=array_check action=maybe_recompile pc=0x00000210cb2a1004 method=java.util.AbstractCollection.toArray([Ljava/lang/Object;)[Ljava/lang/Object; @ 116 c2
Event: 60.141 Thread 0x00000210da90a2e0 DEOPT PACKING pc=0x00000210cb2a1004 sp=0x0000005158bfe360
Event: 60.141 Thread 0x00000210da90a2e0 DEOPT UNPACKING pc=0x00000210caba69a3 sp=0x0000005158bfe320 mode 2
Event: 60.142 Thread 0x00000210da90a2e0 Uncommon trap: trap_request=0xffffffd6 fr.pc=0x00000210cb2a1004 relative=0x00000000000003a4
Event: 60.142 Thread 0x00000210da90a2e0 Uncommon trap: reason=array_check action=maybe_recompile pc=0x00000210cb2a1004 method=java.util.AbstractCollection.toArray([Ljava/lang/Object;)[Ljava/lang/Object; @ 116 c2
Event: 60.142 Thread 0x00000210da90a2e0 DEOPT PACKING pc=0x00000210cb2a1004 sp=0x0000005158bfe360
Event: 60.142 Thread 0x00000210da90a2e0 DEOPT UNPACKING pc=0x00000210caba69a3 sp=0x0000005158bfe320 mode 2
Event: 63.890 Thread 0x00000210da90a2e0 Uncommon trap: trap_request=0xffffffcc fr.pc=0x00000210cb2a60bc relative=0x000000000000011c
Event: 63.890 Thread 0x00000210da90a2e0 Uncommon trap: reason=intrinsic_or_type_checked_inlining action=make_not_entrant pc=0x00000210cb2a60bc method=java.util.ArrayList.toArray([Ljava/lang/Object;)[Ljava/lang/Object; @ 36 c2
Event: 63.890 Thread 0x00000210da90a2e0 DEOPT PACKING pc=0x00000210cb2a60bc sp=0x0000005158bfe0b0
Event: 63.890 Thread 0x00000210da90a2e0 DEOPT UNPACKING pc=0x00000210caba69a3 sp=0x0000005158bfe050 mode 2
Event: 115.264 Thread 0x00000210e0231df0 Uncommon trap: trap_request=0xffffff45 fr.pc=0x00000210cb269eb4 relative=0x0000000000000fd4
Event: 115.264 Thread 0x00000210e0231df0 Uncommon trap: reason=unstable_if action=reinterpret pc=0x00000210cb269eb4 method=java.util.concurrent.locks.ReentrantLock$NonfairSync.tryAcquire(I)Z @ 4 c2
Event: 115.264 Thread 0x00000210e0231df0 DEOPT PACKING pc=0x00000210cb269eb4 sp=0x0000005159efece0
Event: 115.264 Thread 0x00000210e0231df0 DEOPT UNPACKING pc=0x00000210caba69a3 sp=0x0000005159efec08 mode 2

Classes unloaded (0 events):
No events

Classes redefined (0 events):
No events

Internal exceptions (20 events):
Event: 2.140 Thread 0x00000210bff5cae0 Exception <a 'java/lang/NoSuchMethodError'{0x0000000097cc8240}: 'int java.lang.invoke.DirectMethodHandle$Holder.invokeStaticInit(java.lang.Object, java.lang.Object, java.lang.Object)'> (0x0000000097cc8240) 
thrown [s\src\hotspot\share\interpreter\linkResolver.cpp, line 759]
Event: 2.179 Thread 0x00000210bff5cae0 Exception <a 'java/lang/NoSuchMethodError'{0x0000000097a08888}: 'java.lang.Object java.lang.invoke.DirectMethodHandle$Holder.newInvokeSpecial(java.lang.Object, java.lang.Object, int, java.lang.Object)'> (0x0000000097a08888) 
thrown [s\src\hotspot\share\interpreter\linkResolver.cpp, line 759]
Event: 2.181 Thread 0x00000210bff5cae0 Exception <a 'java/lang/NoSuchMethodError'{0x0000000097a0cc68}: 'java.lang.Object java.lang.invoke.DirectMethodHandle$Holder.invokeSpecial(java.lang.Object, java.lang.Object, java.lang.Object, int, java.lang.Object)'> (0x0000000097a0cc68) 
thrown [s\src\hotspot\share\interpreter\linkResolver.cpp, line 759]
Event: 2.375 Thread 0x00000210da90a2e0 Exception <a 'java/lang/NoSuchMethodError'{0x000000009789ad38}: 'void java.lang.invoke.DirectMethodHandle$Holder.invokeStaticInit(java.lang.Object)'> (0x000000009789ad38) 
thrown [s\src\hotspot\share\interpreter\linkResolver.cpp, line 759]
Event: 2.382 Thread 0x00000210bff5cae0 Exception <a 'java/lang/NoSuchMethodError'{0x0000000097a21cf8}: 'java.lang.Object java.lang.invoke.DirectMethodHandle$Holder.newInvokeSpecial(java.lang.Object, java.lang.Object, java.lang.Object, java.lang.Object, java.lang.Object, java.lang.Object)'> (0x0000000097a21cf8) 
thrown [s\src\hotspot\share\interpreter\linkResolver.cpp, line 759]
Event: 2.475 Thread 0x00000210bff5cae0 Exception <a 'java/lang/NoSuchMethodError'{0x00000000977e1f98}: 'java.lang.Object java.lang.invoke.DirectMethodHandle$Holder.newInvokeSpecial(java.lang.Object, java.lang.Object, java.lang.Object, java.lang.Object, java.lang.Object)'> (0x00000000977e1f98) 
thrown [s\src\hotspot\share\interpreter\linkResolver.cpp, line 759]
Event: 2.480 Thread 0x00000210daaa9430 Exception <a 'java/lang/NoSuchMethodError'{0x00000000977f1f48}: 'void java.lang.invoke.DirectMethodHandle$Holder.invokeStatic(java.lang.Object, java.lang.Object, java.lang.Object, java.lang.Object)'> (0x00000000977f1f48) 
thrown [s\src\hotspot\share\interpreter\linkResolver.cpp, line 759]
Event: 2.545 Thread 0x00000210da90a2e0 Exception <a 'java/lang/NoSuchMethodError'{0x0000000097547790}: 'java.lang.Object java.lang.invoke.DirectMethodHandle$Holder.invokeStaticInit(java.lang.Object, java.lang.Object, java.lang.Object, java.lang.Object)'> (0x0000000097547790) 
thrown [s\src\hotspot\share\interpreter\linkResolver.cpp, line 759]
Event: 2.547 Thread 0x00000210da90a2e0 Exception <a 'java/lang/NullPointerException'{0x0000000097553518}> (0x0000000097553518) 
thrown [s\src\hotspot\share\interpreter\linkResolver.cpp, line 1350]
Event: 3.695 Thread 0x00000210da90a2e0 Exception <a 'sun/nio/fs/WindowsException'{0x0000000097775b00}> (0x0000000097775b00) 
thrown [s\src\hotspot\share\prims\jni.cpp, line 516]
Event: 4.172 Thread 0x00000210da90a2e0 Exception <a 'java/lang/NoSuchMethodError'{0x0000000097192638}: 'java.lang.Object java.lang.invoke.DirectMethodHandle$Holder.newInvokeSpecial(java.lang.Object, java.lang.Object, int)'> (0x0000000097192638) 
thrown [s\src\hotspot\share\interpreter\linkResolver.cpp, line 759]
Event: 4.271 Thread 0x00000210da90a2e0 Exception <a 'java/lang/NoSuchMethodError'{0x0000000096d0f4e0}: 'long java.lang.invoke.DirectMethodHandle$Holder.invokeStatic(java.lang.Object, java.lang.Object, java.lang.Object)'> (0x0000000096d0f4e0) 
thrown [s\src\hotspot\share\interpreter\linkResolver.cpp, line 759]
Event: 4.272 Thread 0x00000210da90a2e0 Exception <a 'java/lang/NoSuchMethodError'{0x0000000096d12c88}: 'long java.lang.invoke.DirectMethodHandle$Holder.invokeStaticInit(java.lang.Object, java.lang.Object, java.lang.Object)'> (0x0000000096d12c88) 
thrown [s\src\hotspot\share\interpreter\linkResolver.cpp, line 759]
Event: 4.280 Thread 0x00000210da90a2e0 Exception <a 'java/lang/NoSuchMethodError'{0x0000000096d2eef8}: 'java.lang.Object java.lang.invoke.DirectMethodHandle$Holder.newInvokeSpecial(java.lang.Object, java.lang.Object, long)'> (0x0000000096d2eef8) 
thrown [s\src\hotspot\share\interpreter\linkResolver.cpp, line 759]
Event: 4.281 Thread 0x00000210da90a2e0 Exception <a 'java/lang/NoSuchMethodError'{0x0000000096d32a68}: 'java.lang.Object java.lang.invoke.Invokers$Holder.linkToTargetMethod(java.lang.Object, long, java.lang.Object)'> (0x0000000096d32a68) 
thrown [s\src\hotspot\share\interpreter\linkResolver.cpp, line 759]
Event: 4.362 Thread 0x00000210da3fe880 Exception <a 'java/lang/NoSuchMethodError'{0x0000000096c86df8}: 'int java.lang.invoke.DirectMethodHandle$Holder.invokeStaticInit(java.lang.Object, java.lang.Object)'> (0x0000000096c86df8) 
thrown [s\src\hotspot\share\interpreter\linkResolver.cpp, line 759]
Event: 6.698 Thread 0x00000210da90a2e0 Exception <a 'java/lang/NoSuchMethodError'{0x00000000982eb4c0}: 'void java.lang.invoke.DirectMethodHandle$Holder.invokeSpecial(java.lang.Object, java.lang.Object, java.lang.Object, java.lang.Object, java.lang.Object)'> (0x00000000982eb4c0) 
thrown [s\src\hotspot\share\interpreter\linkResolver.cpp, line 759]
Event: 30.929 Thread 0x00000210da3fe880 Implicit null exception at 0x00000210cb2427a7 to 0x00000210cb242964
Event: 30.929 Thread 0x00000210da3fe880 Implicit null exception at 0x00000210cb1a5d2c to 0x00000210cb1a5da4
Event: 30.929 Thread 0x00000210da3fe880 Implicit null exception at 0x00000210cb1a4b5b to 0x00000210cb1a4bcc

VM Operations (20 events):
Event: 149.554 Executing VM operation: Cleanup
Event: 149.554 Executing VM operation: Cleanup done
Event: 152.421 Executing VM operation: G1CollectForAllocation
Event: 152.424 Executing VM operation: G1CollectForAllocation done
Event: 169.425 Executing VM operation: Cleanup
Event: 169.426 Executing VM operation: Cleanup done
Event: 169.435 Executing VM operation: G1CollectForAllocation
Event: 169.439 Executing VM operation: G1CollectForAllocation done
Event: 186.552 Executing VM operation: G1CollectForAllocation
Event: 186.556 Executing VM operation: G1CollectForAllocation done
Event: 200.557 Executing VM operation: Cleanup
Event: 200.557 Executing VM operation: Cleanup done
Event: 203.684 Executing VM operation: G1CollectForAllocation
Event: 203.687 Executing VM operation: G1CollectForAllocation done
Event: 221.034 Executing VM operation: G1CollectForAllocation
Event: 221.038 Executing VM operation: G1CollectForAllocation done
Event: 238.659 Executing VM operation: G1CollectForAllocation
Event: 238.662 Executing VM operation: G1CollectForAllocation done
Event: 240.662 Executing VM operation: Cleanup
Event: 240.662 Executing VM operation: Cleanup done

Events (20 events):
Event: 4.375 loading class java/util/concurrent/locks/ReentrantReadWriteLock$Sync$HoldCounter done
Event: 4.382 loading class java/util/EnumMap$Values
Event: 4.382 loading class java/util/EnumMap$Values done
Event: 4.382 loading class java/util/EnumMap$ValueIterator
Event: 4.382 loading class java/util/EnumMap$EnumMapIterator
Event: 4.382 loading class java/util/EnumMap$EnumMapIterator done
Event: 4.383 loading class java/util/EnumMap$ValueIterator done
Event: 4.804 Thread 0x00000210e00c0a10 Thread added: 0x00000210e00c0a10
Event: 5.079 loading class java/io/UnsupportedEncodingException
Event: 5.080 loading class java/io/UnsupportedEncodingException done
Event: 5.603 Thread 0x00000210e00c0a10 Thread exited: 0x00000210e00c0a10
Event: 5.603 Thread 0x00000210e0005cd0 Thread exited: 0x00000210e0005cd0
Event: 7.628 Thread 0x00000210da506210 Thread added: 0x00000210da506210
Event: 7.842 Thread 0x00000210da506210 Thread exited: 0x00000210da506210
Event: 53.032 loading class jdk/internal/access/foreign/MemorySegmentProxy
Event: 53.032 loading class jdk/internal/access/foreign/MemorySegmentProxy done
Event: 99.165 loading class java/net/Proxy
Event: 99.166 loading class java/net/Proxy done
Event: 99.482 Thread 0x00000210e0d49a30 Thread added: 0x00000210e0d49a30
Event: 99.909 Thread 0x00000210e0d49a30 Thread exited: 0x00000210e0d49a30


Dynamic libraries:
0x00007ff64e220000 - 0x00007ff64e22e000 	C:\Users\Matteo\.p2\pool\plugins\org.eclipse.justj.openjdk.hotspot.jre.full.win32.x86_64_17.0.6.v20230204-1729\jre\bin\javaw.exe
0x00007ffb47df0000 - 0x00007ffb47fe8000 	C:\WINDOWS\SYSTEM32\ntdll.dll
0x00007ffb473f0000 - 0x00007ffb474af000 	C:\WINDOWS\System32\KERNEL32.DLL
0x00007ffb45750000 - 0x00007ffb45a46000 	C:\WINDOWS\System32\KERNELBASE.dll
0x00007ffb45580000 - 0x00007ffb45680000 	C:\WINDOWS\System32\ucrtbase.dll
0x00007ffb42980000 - 0x00007ffb42997000 	C:\Users\Matteo\.p2\pool\plugins\org.eclipse.justj.openjdk.hotspot.jre.full.win32.x86_64_17.0.6.v20230204-1729\jre\bin\jli.dll
0x00007ffb3b210000 - 0x00007ffb3b229000 	C:\Users\Matteo\.p2\pool\plugins\org.eclipse.justj.openjdk.hotspot.jre.full.win32.x86_64_17.0.6.v20230204-1729\jre\bin\VCRUNTIME140.dll
0x00007ffb471f0000 - 0x00007ffb4738d000 	C:\WINDOWS\System32\USER32.dll
0x00007ffb45720000 - 0x00007ffb45742000 	C:\WINDOWS\System32\win32u.dll
0x00007ffb46eb0000 - 0x00007ffb46edc000 	C:\WINDOWS\System32\GDI32.dll
0x00007ffb45c40000 - 0x00007ffb45d55000 	C:\WINDOWS\System32\gdi32full.dll
0x00007ffb45680000 - 0x00007ffb4571d000 	C:\WINDOWS\System32\msvcp_win.dll
0x00007ffb3d910000 - 0x00007ffb3dbaa000 	C:\WINDOWS\WinSxS\amd64_microsoft.windows.common-controls_6595b64144ccf1df_6.0.19041.1110_none_60b5254171f9507e\COMCTL32.dll
0x00007ffb46fc0000 - 0x00007ffb4705e000 	C:\WINDOWS\System32\msvcrt.dll
0x00007ffb473a0000 - 0x00007ffb473d0000 	C:\WINDOWS\System32\IMM32.DLL
0x00007ffb42d90000 - 0x00007ffb42d9c000 	C:\Users\Matteo\.p2\pool\plugins\org.eclipse.justj.openjdk.hotspot.jre.full.win32.x86_64_17.0.6.v20230204-1729\jre\bin\vcruntime140_1.dll
0x00007ffb374c0000 - 0x00007ffb37551000 	C:\Users\Matteo\.p2\pool\plugins\org.eclipse.justj.openjdk.hotspot.jre.full.win32.x86_64_17.0.6.v20230204-1729\jre\bin\msvcp140.dll
0x00007ffb079f0000 - 0x00007ffb08637000 	C:\Users\Matteo\.p2\pool\plugins\org.eclipse.justj.openjdk.hotspot.jre.full.win32.x86_64_17.0.6.v20230204-1729\jre\bin\server\jvm.dll
0x00007ffb45e50000 - 0x00007ffb45eff000 	C:\WINDOWS\System32\ADVAPI32.dll
0x00007ffb470f0000 - 0x00007ffb4718c000 	C:\WINDOWS\System32\sechost.dll
0x00007ffb460a0000 - 0x00007ffb461c6000 	C:\WINDOWS\System32\RPCRT4.dll
0x00007ffb3f0d0000 - 0x00007ffb3f0f7000 	C:\WINDOWS\SYSTEM32\WINMM.dll
0x00007ffb42920000 - 0x00007ffb42929000 	C:\WINDOWS\SYSTEM32\WSOCK32.dll
0x00007ffb46230000 - 0x00007ffb4629b000 	C:\WINDOWS\System32\WS2_32.dll
0x00007ffb3f0c0000 - 0x00007ffb3f0ca000 	C:\WINDOWS\SYSTEM32\VERSION.dll
0x00007ffb43d10000 - 0x00007ffb43d22000 	C:\WINDOWS\SYSTEM32\kernel.appcore.dll
0x00007ffb42910000 - 0x00007ffb4291a000 	C:\Users\Matteo\.p2\pool\plugins\org.eclipse.justj.openjdk.hotspot.jre.full.win32.x86_64_17.0.6.v20230204-1729\jre\bin\jimage.dll
0x00007ffb42a90000 - 0x00007ffb42c74000 	C:\WINDOWS\SYSTEM32\DBGHELP.DLL
0x00007ffb3dbe0000 - 0x00007ffb3dc14000 	C:\WINDOWS\SYSTEM32\dbgcore.DLL
0x00007ffb45a50000 - 0x00007ffb45ad2000 	C:\WINDOWS\System32\bcryptPrimitives.dll
0x00007ffb3c690000 - 0x00007ffb3c6b5000 	C:\Users\Matteo\.p2\pool\plugins\org.eclipse.justj.openjdk.hotspot.jre.full.win32.x86_64_17.0.6.v20230204-1729\jre\bin\java.dll
0x00007ffb3c640000 - 0x00007ffb3c658000 	C:\Users\Matteo\.p2\pool\plugins\org.eclipse.justj.openjdk.hotspot.jre.full.win32.x86_64_17.0.6.v20230204-1729\jre\bin\zip.dll
0x00007ffb462a0000 - 0x00007ffb469e4000 	C:\WINDOWS\System32\SHELL32.dll
0x00007ffb43570000 - 0x00007ffb43d03000 	C:\WINDOWS\SYSTEM32\windows.storage.dll
0x00007ffb469f0000 - 0x00007ffb46d44000 	C:\WINDOWS\System32\combase.dll
0x00007ffb44e50000 - 0x00007ffb44e7e000 	C:\WINDOWS\SYSTEM32\Wldp.dll
0x00007ffb46e00000 - 0x00007ffb46ead000 	C:\WINDOWS\System32\SHCORE.dll
0x00007ffb474c0000 - 0x00007ffb47515000 	C:\WINDOWS\System32\shlwapi.dll
0x00007ffb45410000 - 0x00007ffb4542f000 	C:\WINDOWS\SYSTEM32\profapi.dll
0x00007ffb3c4c0000 - 0x00007ffb3c4d9000 	C:\Users\Matteo\.p2\pool\plugins\org.eclipse.justj.openjdk.hotspot.jre.full.win32.x86_64_17.0.6.v20230204-1729\jre\bin\net.dll
0x00007ffb3cfc0000 - 0x00007ffb3d0ca000 	C:\WINDOWS\SYSTEM32\WINHTTP.dll
0x00007ffb44bb0000 - 0x00007ffb44c1a000 	C:\WINDOWS\system32\mswsock.dll
0x00007ffb3c4a0000 - 0x00007ffb3c4b5000 	C:\Users\Matteo\.p2\pool\plugins\org.eclipse.justj.openjdk.hotspot.jre.full.win32.x86_64_17.0.6.v20230204-1729\jre\bin\nio.dll
0x00000210bfef0000 - 0x00000210bfef3000 	C:\Users\Matteo\eclipse-workspace\openjfx-20.0.2_windows-x64_bin-sdk\javafx-sdk-20.0.2\bin\api-ms-win-core-console-l1-1-0.dll
0x00000210bff00000 - 0x00000210bff03000 	C:\Users\Matteo\eclipse-workspace\openjfx-20.0.2_windows-x64_bin-sdk\javafx-sdk-20.0.2\bin\api-ms-win-core-console-l1-2-0.dll
0x00000210bff10000 - 0x00000210bff13000 	C:\Users\Matteo\eclipse-workspace\openjfx-20.0.2_windows-x64_bin-sdk\javafx-sdk-20.0.2\bin\api-ms-win-core-datetime-l1-1-0.dll
0x00000210bff20000 - 0x00000210bff23000 	C:\Users\Matteo\eclipse-workspace\openjfx-20.0.2_windows-x64_bin-sdk\javafx-sdk-20.0.2\bin\api-ms-win-core-debug-l1-1-0.dll
0x00000210d96b0000 - 0x00000210d96b3000 	C:\Users\Matteo\eclipse-workspace\openjfx-20.0.2_windows-x64_bin-sdk\javafx-sdk-20.0.2\bin\api-ms-win-core-errorhandling-l1-1-0.dll
0x00000210d96c0000 - 0x00000210d96c4000 	C:\Users\Matteo\eclipse-workspace\openjfx-20.0.2_windows-x64_bin-sdk\javafx-sdk-20.0.2\bin\api-ms-win-core-file-l1-1-0.dll
0x00000210d96d0000 - 0x00000210d96d3000 	C:\Users\Matteo\eclipse-workspace\openjfx-20.0.2_windows-x64_bin-sdk\javafx-sdk-20.0.2\bin\api-ms-win-core-file-l1-2-0.dll
0x00000210d96e0000 - 0x00000210d96e3000 	C:\Users\Matteo\eclipse-workspace\openjfx-20.0.2_windows-x64_bin-sdk\javafx-sdk-20.0.2\bin\api-ms-win-core-file-l2-1-0.dll
0x00000210d96f0000 - 0x00000210d96f3000 	C:\Users\Matteo\eclipse-workspace\openjfx-20.0.2_windows-x64_bin-sdk\javafx-sdk-20.0.2\bin\api-ms-win-core-handle-l1-1-0.dll
0x00000210d9700000 - 0x00000210d9703000 	C:\Users\Matteo\eclipse-workspace\openjfx-20.0.2_windows-x64_bin-sdk\javafx-sdk-20.0.2\bin\api-ms-win-core-heap-l1-1-0.dll
0x00000210d9710000 - 0x00000210d9713000 	C:\Users\Matteo\eclipse-workspace\openjfx-20.0.2_windows-x64_bin-sdk\javafx-sdk-20.0.2\bin\api-ms-win-core-interlocked-l1-1-0.dll
0x00000210d9720000 - 0x00000210d9723000 	C:\Users\Matteo\eclipse-workspace\openjfx-20.0.2_windows-x64_bin-sdk\javafx-sdk-20.0.2\bin\api-ms-win-core-libraryloader-l1-1-0.dll
0x00000210d9730000 - 0x00000210d9733000 	C:\Users\Matteo\eclipse-workspace\openjfx-20.0.2_windows-x64_bin-sdk\javafx-sdk-20.0.2\bin\api-ms-win-core-localization-l1-2-0.dll
0x00000210d9740000 - 0x00000210d9743000 	C:\Users\Matteo\eclipse-workspace\openjfx-20.0.2_windows-x64_bin-sdk\javafx-sdk-20.0.2\bin\api-ms-win-core-memory-l1-1-0.dll
0x00000210d9750000 - 0x00000210d9753000 	C:\Users\Matteo\eclipse-workspace\openjfx-20.0.2_windows-x64_bin-sdk\javafx-sdk-20.0.2\bin\api-ms-win-core-namedpipe-l1-1-0.dll
0x00000210d9760000 - 0x00000210d9763000 	C:\Users\Matteo\eclipse-workspace\openjfx-20.0.2_windows-x64_bin-sdk\javafx-sdk-20.0.2\bin\api-ms-win-core-processenvironment-l1-1-0.dll
0x00000210d9770000 - 0x00000210d9773000 	C:\Users\Matteo\eclipse-workspace\openjfx-20.0.2_windows-x64_bin-sdk\javafx-sdk-20.0.2\bin\api-ms-win-core-processthreads-l1-1-0.dll
0x00000210d9780000 - 0x00000210d9783000 	C:\Users\Matteo\eclipse-workspace\openjfx-20.0.2_windows-x64_bin-sdk\javafx-sdk-20.0.2\bin\api-ms-win-core-processthreads-l1-1-1.dll
0x00000210d9790000 - 0x00000210d9793000 	C:\Users\Matteo\eclipse-workspace\openjfx-20.0.2_windows-x64_bin-sdk\javafx-sdk-20.0.2\bin\api-ms-win-core-profile-l1-1-0.dll
0x00000210d97a0000 - 0x00000210d97a3000 	C:\Users\Matteo\eclipse-workspace\openjfx-20.0.2_windows-x64_bin-sdk\javafx-sdk-20.0.2\bin\api-ms-win-core-rtlsupport-l1-1-0.dll
0x00000210d97b0000 - 0x00000210d97b3000 	C:\Users\Matteo\eclipse-workspace\openjfx-20.0.2_windows-x64_bin-sdk\javafx-sdk-20.0.2\bin\api-ms-win-core-string-l1-1-0.dll
0x00000210d97c0000 - 0x00000210d97c3000 	C:\Users\Matteo\eclipse-workspace\openjfx-20.0.2_windows-x64_bin-sdk\javafx-sdk-20.0.2\bin\api-ms-win-core-synch-l1-1-0.dll
0x00000210d97d0000 - 0x00000210d97d3000 	C:\Users\Matteo\eclipse-workspace\openjfx-20.0.2_windows-x64_bin-sdk\javafx-sdk-20.0.2\bin\api-ms-win-core-synch-l1-2-0.dll
0x00000210d97e0000 - 0x00000210d97e3000 	C:\Users\Matteo\eclipse-workspace\openjfx-20.0.2_windows-x64_bin-sdk\javafx-sdk-20.0.2\bin\api-ms-win-core-sysinfo-l1-1-0.dll
0x00000210d97f0000 - 0x00000210d97f3000 	C:\Users\Matteo\eclipse-workspace\openjfx-20.0.2_windows-x64_bin-sdk\javafx-sdk-20.0.2\bin\api-ms-win-core-timezone-l1-1-0.dll
0x00000210dac00000 - 0x00000210dac03000 	C:\Users\Matteo\eclipse-workspace\openjfx-20.0.2_windows-x64_bin-sdk\javafx-sdk-20.0.2\bin\api-ms-win-core-util-l1-1-0.dll
0x00000210dac10000 - 0x00000210dac13000 	C:\Users\Matteo\eclipse-workspace\openjfx-20.0.2_windows-x64_bin-sdk\javafx-sdk-20.0.2\bin\api-ms-win-crt-conio-l1-1-0.dll
0x00000210dac20000 - 0x00000210dac24000 	C:\Users\Matteo\eclipse-workspace\openjfx-20.0.2_windows-x64_bin-sdk\javafx-sdk-20.0.2\bin\api-ms-win-crt-convert-l1-1-0.dll
0x00000210dac30000 - 0x00000210dac33000 	C:\Users\Matteo\eclipse-workspace\openjfx-20.0.2_windows-x64_bin-sdk\javafx-sdk-20.0.2\bin\api-ms-win-crt-environment-l1-1-0.dll
0x00000210dac40000 - 0x00000210dac43000 	C:\Users\Matteo\eclipse-workspace\openjfx-20.0.2_windows-x64_bin-sdk\javafx-sdk-20.0.2\bin\api-ms-win-crt-filesystem-l1-1-0.dll
0x00000210dac50000 - 0x00000210dac53000 	C:\Users\Matteo\eclipse-workspace\openjfx-20.0.2_windows-x64_bin-sdk\javafx-sdk-20.0.2\bin\api-ms-win-crt-heap-l1-1-0.dll
0x00000210dac60000 - 0x00000210dac63000 	C:\Users\Matteo\eclipse-workspace\openjfx-20.0.2_windows-x64_bin-sdk\javafx-sdk-20.0.2\bin\api-ms-win-crt-locale-l1-1-0.dll
0x00000210dac70000 - 0x00000210dac75000 	C:\Users\Matteo\eclipse-workspace\openjfx-20.0.2_windows-x64_bin-sdk\javafx-sdk-20.0.2\bin\api-ms-win-crt-math-l1-1-0.dll
0x00000210dac80000 - 0x00000210dac85000 	C:\Users\Matteo\eclipse-workspace\openjfx-20.0.2_windows-x64_bin-sdk\javafx-sdk-20.0.2\bin\api-ms-win-crt-multibyte-l1-1-0.dll
0x00000210dac90000 - 0x00000210daca0000 	C:\Users\Matteo\eclipse-workspace\openjfx-20.0.2_windows-x64_bin-sdk\javafx-sdk-20.0.2\bin\api-ms-win-crt-private-l1-1-0.dll
0x00000210daca0000 - 0x00000210daca3000 	C:\Users\Matteo\eclipse-workspace\openjfx-20.0.2_windows-x64_bin-sdk\javafx-sdk-20.0.2\bin\api-ms-win-crt-process-l1-1-0.dll
0x00000210dacb0000 - 0x00000210dacb4000 	C:\Users\Matteo\eclipse-workspace\openjfx-20.0.2_windows-x64_bin-sdk\javafx-sdk-20.0.2\bin\api-ms-win-crt-runtime-l1-1-0.dll
0x00000210dacc0000 - 0x00000210dacc4000 	C:\Users\Matteo\eclipse-workspace\openjfx-20.0.2_windows-x64_bin-sdk\javafx-sdk-20.0.2\bin\api-ms-win-crt-stdio-l1-1-0.dll
0x00000210dacd0000 - 0x00000210dacd4000 	C:\Users\Matteo\eclipse-workspace\openjfx-20.0.2_windows-x64_bin-sdk\javafx-sdk-20.0.2\bin\api-ms-win-crt-string-l1-1-0.dll
0x00000210dace0000 - 0x00000210dace3000 	C:\Users\Matteo\eclipse-workspace\openjfx-20.0.2_windows-x64_bin-sdk\javafx-sdk-20.0.2\bin\api-ms-win-crt-time-l1-1-0.dll
0x00000210dacf0000 - 0x00000210dacf3000 	C:\Users\Matteo\eclipse-workspace\openjfx-20.0.2_windows-x64_bin-sdk\javafx-sdk-20.0.2\bin\api-ms-win-crt-utility-l1-1-0.dll
0x00007ffb33d60000 - 0x00007ffb33e5c000 	C:\Users\Matteo\eclipse-workspace\openjfx-20.0.2_windows-x64_bin-sdk\javafx-sdk-20.0.2\bin\ucrtbase.dll
0x00007ffb3a2d0000 - 0x00007ffb3a2eb000 	C:\Users\Matteo\eclipse-workspace\openjfx-20.0.2_windows-x64_bin-sdk\javafx-sdk-20.0.2\bin\vcruntime140.dll
0x00007ffb3c3f0000 - 0x00007ffb3c3fc000 	C:\Users\Matteo\eclipse-workspace\openjfx-20.0.2_windows-x64_bin-sdk\javafx-sdk-20.0.2\bin\vcruntime140_1.dll
0x00007ffb3a050000 - 0x00007ffb3a0de000 	C:\Users\Matteo\eclipse-workspace\openjfx-20.0.2_windows-x64_bin-sdk\javafx-sdk-20.0.2\bin\msvcp140.dll
0x00007ffb3a390000 - 0x00007ffb3a399000 	C:\Users\Matteo\eclipse-workspace\openjfx-20.0.2_windows-x64_bin-sdk\javafx-sdk-20.0.2\bin\msvcp140_1.dll
0x00007ffb39640000 - 0x00007ffb39670000 	C:\Users\Matteo\eclipse-workspace\openjfx-20.0.2_windows-x64_bin-sdk\javafx-sdk-20.0.2\bin\msvcp140_2.dll
0x00007ffb38d70000 - 0x00007ffb38d9f000 	C:\Users\Matteo\eclipse-workspace\openjfx-20.0.2_windows-x64_bin-sdk\javafx-sdk-20.0.2\bin\prism_d3d.dll
0x00007ffb1c270000 - 0x00007ffb1c43d000 	C:\WINDOWS\system32\d3d9.dll
0x00007ffb432d0000 - 0x00007ffb432ff000 	C:\WINDOWS\SYSTEM32\dwmapi.dll
0x00007ffb431f0000 - 0x00007ffb4328e000 	C:\WINDOWS\system32\uxtheme.dll
0x00007ffb3f100000 - 0x00007ffb3f2dd000 	C:\WINDOWS\System32\DriverStore\FileRepository\u0352474.inf_amd64_c594fcc55638a18a\B346863\aticfx64.dll
0x00007ffb19960000 - 0x00007ffb19990000 	C:\WINDOWS\System32\DriverStore\FileRepository\u0352474.inf_amd64_c594fcc55638a18a\B346863\atiu9p64.dll
0x00007ffb0d010000 - 0x00007ffb0dcde000 	C:\WINDOWS\System32\DriverStore\FileRepository\u0352474.inf_amd64_c594fcc55638a18a\B346863\atiumd64.dll
0x00007ffb47990000 - 0x00007ffb47aba000 	C:\WINDOWS\System32\ole32.dll
0x000000005cfe0000 - 0x000000005dd74000 	C:\WINDOWS\System32\DriverStore\FileRepository\u0352474.inf_amd64_c594fcc55638a18a\B346863\atiumd6a.dll
0x00007ffb45340000 - 0x00007ffb4538b000 	C:\WINDOWS\SYSTEM32\POWRPROF.dll
0x00007ffb45320000 - 0x00007ffb45332000 	C:\WINDOWS\SYSTEM32\UMPDC.dll
0x00007ffb37580000 - 0x00007ffb375c2000 	C:\Users\Matteo\eclipse-workspace\openjfx-20.0.2_windows-x64_bin-sdk\javafx-sdk-20.0.2\bin\glass.dll
0x00007ffb46ee0000 - 0x00007ffb46fba000 	C:\WINDOWS\System32\COMDLG32.dll
0x00007ffb47ce0000 - 0x00007ffb47dad000 	C:\WINDOWS\System32\OLEAUT32.dll
0x00007ffb45f80000 - 0x00007ffb46094000 	C:\WINDOWS\System32\MSCTF.dll
0x00007ffb3f2e0000 - 0x00007ffb3f31b000 	C:\WINDOWS\SYSTEM32\dxcore.dll
0x00007ffb45e00000 - 0x00007ffb45e4e000 	C:\WINDOWS\System32\cfgmgr32.dll
0x00007ffb386f0000 - 0x00007ffb38704000 	C:\Users\Matteo\eclipse-workspace\openjfx-20.0.2_windows-x64_bin-sdk\javafx-sdk-20.0.2\bin\javafx_font.dll
0x00007ffb3aaa0000 - 0x00007ffb3ad1f000 	C:\WINDOWS\SYSTEM32\dwrite.dll
0x00007ffb46d50000 - 0x00007ffb46df9000 	C:\WINDOWS\System32\clbcatq.dll
0x00007ffb40590000 - 0x00007ffb40744000 	C:\WINDOWS\SYSTEM32\WindowsCodecs.dll
0x00007ffb45d60000 - 0x00007ffb45d87000 	C:\WINDOWS\System32\bcrypt.dll
0x00007ffb25250000 - 0x00007ffb2528e000 	C:\WINDOWS\system32\dataexchange.dll
0x00007ffb41d40000 - 0x00007ffb41f23000 	C:\WINDOWS\system32\dcomp.dll
0x00007ffb40f50000 - 0x00007ffb411b3000 	C:\WINDOWS\system32\d3d11.dll
0x00007ffb43d90000 - 0x00007ffb43e83000 	C:\WINDOWS\system32\dxgi.dll
0x00007ffb40750000 - 0x00007ffb40950000 	C:\WINDOWS\system32\twinapi.appcore.dll
0x00007ffb37770000 - 0x00007ffb377a4000 	C:\Program Files\Common Files\Microsoft Shared\Ink\rtscom.dll
0x00007ffb26310000 - 0x00007ffb2640a000 	C:\WINDOWS\SYSTEM32\textinputframework.dll
0x00007ffb42610000 - 0x00007ffb42702000 	C:\WINDOWS\System32\CoreMessaging.dll
0x00007ffb422b0000 - 0x00007ffb4260e000 	C:\WINDOWS\System32\CoreUIComponents.dll
0x00007ffb41be0000 - 0x00007ffb41d34000 	C:\WINDOWS\SYSTEM32\wintypes.dll
0x00007ffb445f0000 - 0x00007ffb44623000 	C:\WINDOWS\SYSTEM32\ntmarta.dll

dbghelp: loaded successfully - version: 4.0.5 - missing functions: none
symbol engine: initialized successfully - sym options: 0x614 - pdb path: .;C:\Users\Matteo\.p2\pool\plugins\org.eclipse.justj.openjdk.hotspot.jre.full.win32.x86_64_17.0.6.v20230204-1729\jre\bin;C:\WINDOWS\SYSTEM32;C:\WINDOWS\WinSxS\amd64_microsoft.windows.common-controls_6595b64144ccf1df_6.0.19041.1110_none_60b5254171f9507e;C:\Users\Matteo\.p2\pool\plugins\org.eclipse.justj.openjdk.hotspot.jre.full.win32.x86_64_17.0.6.v20230204-1729\jre\bin\server;C:\Users\Matteo\eclipse-workspace\openjfx-20.0.2_windows-x64_bin-sdk\javafx-sdk-20.0.2\bin;C:\WINDOWS\System32\DriverStore\FileRepository\u0352474.inf_amd64_c594fcc55638a18a\B346863;C:\Program Files\Common Files\Microsoft Shared\Ink

VM Arguments:
jvm_args: -Dfile.encoding=UTF-8 --module-path=C:\Users\Matteo\git\repository\BomberMan\bin;C:\Users\Matteo\.p2\pool\plugins\org.eclipse.fx.ide.css.jfx8_3.8.0.202204150904.jar;C:\Users\Matteo\eclipse-workspace\openjfx-20.0.2_windows-x64_bin-sdk\javafx-sdk-20.0.2\lib\javafx.base.jar;C:\Users\Matteo\eclipse-workspace\openjfx-20.0.2_windows-x64_bin-sdk\javafx-sdk-20.0.2\lib\javafx.controls.jar;C:\Users\Matteo\eclipse-workspace\openjfx-20.0.2_windows-x64_bin-sdk\javafx-sdk-20.0.2\lib\javafx.fxml.jar;C:\Users\Matteo\eclipse-workspace\openjfx-20.0.2_windows-x64_bin-sdk\javafx-sdk-20.0.2\lib\javafx.graphics.jar;C:\Users\Matteo\eclipse-workspace\openjfx-20.0.2_windows-x64_bin-sdk\javafx-sdk-20.0.2\lib\javafx.media.jar;C:\Users\Matteo\eclipse-workspace\openjfx-20.0.2_windows-x64_bin-sdk\javafx-sdk-20.0.2\lib\javafx.swing.jar;C:\Users\Matteo\eclipse-workspace\openjfx-20.0.2_windows-x64_bin-sdk\javafx-sdk-20.0.2\lib\javafx.web.jar;C:\Users\Matteo\eclipse-workspace\openjfx-20.0.2_windows-x64_bin-sdk\javafx-sdk-20.0.2\lib\javafx-swt.jar -XX:+ShowCodeDetailsInExceptionMessages -Djdk.module.main=BomberMan 
java_command: BomberMan/controller.Main
java_class_path (initial): <not set>
Launcher Type: SUN_STANDARD

[Global flags]
     intx CICompilerCount                          = 4                                         {product} {ergonomic}
     uint ConcGCThreads                            = 2                                         {product} {ergonomic}
     uint G1ConcRefinementThreads                  = 8                                         {product} {ergonomic}
   size_t G1HeapRegionSize                         = 1048576                                   {product} {ergonomic}
    uintx GCDrainStackTargetSize                   = 64                                        {product} {ergonomic}
   size_t InitialHeapSize                          = 117440512                                 {product} {ergonomic}
   size_t MarkStackSize                            = 4194304                                   {product} {ergonomic}
   size_t MaxHeapSize                              = 1853882368                                {product} {ergonomic}
   size_t MaxNewSize                               = 1111490560                                {product} {ergonomic}
   size_t MinHeapDeltaBytes                        = 1048576                                   {product} {ergonomic}
   size_t MinHeapSize                              = 8388608                                   {product} {ergonomic}
    uintx NonNMethodCodeHeapSize                   = 5839372                                {pd product} {ergonomic}
    uintx NonProfiledCodeHeapSize                  = 122909434                              {pd product} {ergonomic}
    uintx ProfiledCodeHeapSize                     = 122909434                              {pd product} {ergonomic}
    uintx ReservedCodeCacheSize                    = 251658240                              {pd product} {ergonomic}
     bool SegmentedCodeCache                       = true                                      {product} {ergonomic}
     bool ShowCodeDetailsInExceptionMessages       = true                                   {manageable} {command line}
   size_t SoftMaxHeapSize                          = 1853882368                             {manageable} {ergonomic}
     bool UseCompressedClassPointers               = true                           {product lp64_product} {ergonomic}
     bool UseCompressedOops                        = true                           {product lp64_product} {ergonomic}
     bool UseG1GC                                  = true                                      {product} {ergonomic}
     bool UseLargePagesIndividualAllocation        = false                                  {pd product} {ergonomic}

Logging:
Log output configuration:
 #0: stdout all=warning uptime,level,tags
 #1: stderr all=off uptime,level,tags

Environment Variables:
PATH=C:/Users/Matteo/.p2/pool/plugins/org.eclipse.justj.openjdk.hotspot.jre.full.win32.x86_64_17.0.6.v20230204-1729/jre/bin/server;C:/Users/Matteo/.p2/pool/plugins/org.eclipse.justj.openjdk.hotspot.jre.full.win32.x86_64_17.0.6.v20230204-1729/jre/bin;C:\Program Files\Common Files\Oracle\Java\javapath;C:\Program Files (x86)\Common Files\Oracle\Java\javapath;C:\WINDOWS\system32;C:\WINDOWS;C:\WINDOWS\System32\Wbem;C:\WINDOWS\System32\WindowsPowerShell\v1.0\;C:\WINDOWS\System32\OpenSSH\;C:\Program Files\dotnet\;C:\Program Files\Git\cmd;C:\Python\Python311;C:\Python\Python311\Scripts;C:\Users\Matteo\AppData\Local\Microsoft\WindowsApps;C:\Users\Matteo\.dotnet\tools;C:\Program Files\Java\jre1.8.0_361\bin;C:\Users\Matteo\AppData\Local\Programs\Microsoft VS Code\bin;C:\Users\Matteo\AppData\Local\Programs\Python\Python311;;C:\WINDOWS\system32;
USERNAME=Matteo
OS=Windows_NT
PROCESSOR_IDENTIFIER=AMD64 Family 23 Model 17 Stepping 0, AuthenticAMD
TMP=C:\Users\Matteo\AppData\Local\Temp
TEMP=C:\Users\Matteo\AppData\Local\Temp



---------------  S Y S T E M  ---------------

OS:
 Windows 10 , 64 bit Build 19041 (10.0.19041.2913)
OS uptime: 6 days 14:53 hours

CPU: total 8 (initial active 8) (8 cores per cpu, 2 threads per core) family 23 model 17 stepping 0 microcode 0x0, cx8, cmov, fxsr, ht, mmx, 3dnowpref, sse, sse2, sse3, ssse3, sse4a, sse4.1, sse4.2, popcnt, lzcnt, tsc, tscinvbit, avx, avx2, aes, clmul, bmi1, bmi2, adx, sha, fma, vzeroupper, clflush, clflushopt

Memory: 4k page, system-wide physical 7068M (1084M free)
TotalPageFile size 28572M (AvailPageFile size 10M)
current process WorkingSet (physical memory assigned to process): 186M, peak: 190M
current process commit charge ("private bytes"): 320M, peak: 328M

vm_info: OpenJDK 64-Bit Server VM (17.0.6+10) for windows-amd64 JRE (17.0.6+10), built on Jan 18 2023 10:08:59 by "temurin" with MS VC++ 16.7 (VS2019)

END.
